


ARM Macro Assembler    Page 1 


    1 00000000                 AREA             Signal, DATA, READONLY
    2 00000000                 export           TabSig2
    3 00000000         
    4 00000000         ; Fnor1 = 1.000
    5 00000000         ;   Ph1 = 0.000
    6 00000000         ;    A1 = 1024.000
    7 00000000         ; Fnor2 = 1.000
    8 00000000         ;   Ph2 = 0.000
    9 00000000         ;    A2 = 1024.000
   10 00000000         ;    An = 0.000
   11 00000000         
   12 00000000         TabSig2
   13 00000000 FF 0F           DCW              4095        ;  0 0x0fff  0.9997
                                                            6
   14 00000002 F6 0F           DCW              4086        ;  1 0x0ff6  0.9975
                                                            6
   15 00000004 D9 0F           DCW              4057        ;  2 0x0fd9  0.9904
                                                            8
   16 00000006 A8 0F           DCW              4008        ;  3 0x0fa8  0.9785
                                                            2
   17 00000008 64 0F           DCW              3940        ;  4 0x0f64  0.9619
                                                            1
   18 0000000A 0E 0F           DCW              3854        ;  5 0x0f0e  0.9409
                                                            2
   19 0000000C A7 0E           DCW              3751        ;  6 0x0ea7  0.9157
                                                            7
   20 0000000E 2F 0E           DCW              3631        ;  7 0x0e2f  0.8864
                                                            7
   21 00000010 A8 0D           DCW              3496        ;  8 0x0da8  0.8535
                                                            2
   22 00000012 13 0D           DCW              3347        ;  9 0x0d13  0.8171
                                                            4
   23 00000014 72 0C           DCW              3186        ; 10 0x0c72  0.7778
                                                            3
   24 00000016 C5 0B           DCW              3013        ; 11 0x0bc5  0.7356
                                                            0
   25 00000018 10 0B           DCW              2832        ; 12 0x0b10  0.6914
                                                            1
   26 0000001A 53 0A           DCW              2643        ; 13 0x0a53  0.6452
                                                            6
   27 0000001C 90 09           DCW              2448        ; 14 0x0990  0.5976
                                                            6
   28 0000001E C9 08           DCW              2249        ; 15 0x08c9  0.5490
                                                            7
   29 00000020 00 08           DCW              2048        ; 16 0x0800  0.5000
                                                            0
   30 00000022 37 07           DCW              1847        ; 17 0x0737  0.4509
                                                            3
   31 00000024 70 06           DCW              1648        ; 18 0x0670  0.4023
                                                            4
   32 00000026 AD 05           DCW              1453        ; 19 0x05ad  0.3547
                                                            4
   33 00000028 F0 04           DCW              1264        ; 20 0x04f0  0.3085
                                                            9
   34 0000002A 3B 04           DCW              1083        ; 21 0x043b  0.2644
                                                            0
   35 0000002C 8E 03           DCW              910         ; 22 0x038e  0.2221
                                                            7
   36 0000002E ED 02           DCW              749         ; 23 0x02ed  0.1828



ARM Macro Assembler    Page 2 


                                                            6
   37 00000030 58 02           DCW              600         ; 24 0x0258  0.1464
                                                            8
   38 00000032 D1 01           DCW              465         ; 25 0x01d1  0.1135
                                                            3
   39 00000034 59 01           DCW              345         ; 26 0x0159  0.0842
                                                            3
   40 00000036 F2 00           DCW              242         ; 27 0x00f2  0.0590
                                                            8
   41 00000038 9C 00           DCW              156         ; 28 0x009c  0.0380
                                                            9
   42 0000003A 58 00           DCW              88          ; 29 0x0058  0.0214
                                                            8
   43 0000003C 27 00           DCW              39          ; 30 0x0027  0.0095
                                                            2
   44 0000003E 0A 00           DCW              10          ; 31 0x000a  0.0024
                                                            4
   45 00000040 00 00           DCW              0           ; 32 0x0000  0.0000
                                                            0
   46 00000042 0A 00           DCW              10          ; 33 0x000a  0.0024
                                                            4
   47 00000044 27 00           DCW              39          ; 34 0x0027  0.0095
                                                            2
   48 00000046 58 00           DCW              88          ; 35 0x0058  0.0214
                                                            8
   49 00000048 9C 00           DCW              156         ; 36 0x009c  0.0380
                                                            9
   50 0000004A F2 00           DCW              242         ; 37 0x00f2  0.0590
                                                            8
   51 0000004C 59 01           DCW              345         ; 38 0x0159  0.0842
                                                            3
   52 0000004E D1 01           DCW              465         ; 39 0x01d1  0.1135
                                                            3
   53 00000050 58 02           DCW              600         ; 40 0x0258  0.1464
                                                            8
   54 00000052 ED 02           DCW              749         ; 41 0x02ed  0.1828
                                                            6
   55 00000054 8E 03           DCW              910         ; 42 0x038e  0.2221
                                                            7
   56 00000056 3B 04           DCW              1083        ; 43 0x043b  0.2644
                                                            0
   57 00000058 F0 04           DCW              1264        ; 44 0x04f0  0.3085
                                                            9
   58 0000005A AD 05           DCW              1453        ; 45 0x05ad  0.3547
                                                            4
   59 0000005C 70 06           DCW              1648        ; 46 0x0670  0.4023
                                                            4
   60 0000005E 37 07           DCW              1847        ; 47 0x0737  0.4509
                                                            3
   61 00000060 00 08           DCW              2048        ; 48 0x0800  0.5000
                                                            0
   62 00000062 C9 08           DCW              2249        ; 49 0x08c9  0.5490
                                                            7
   63 00000064 90 09           DCW              2448        ; 50 0x0990  0.5976
                                                            6
   64 00000066 53 0A           DCW              2643        ; 51 0x0a53  0.6452
                                                            6
   65 00000068 10 0B           DCW              2832        ; 52 0x0b10  0.6914
                                                            1



ARM Macro Assembler    Page 3 


   66 0000006A C5 0B           DCW              3013        ; 53 0x0bc5  0.7356
                                                            0
   67 0000006C 72 0C           DCW              3186        ; 54 0x0c72  0.7778
                                                            3
   68 0000006E 13 0D           DCW              3347        ; 55 0x0d13  0.8171
                                                            4
   69 00000070 A8 0D           DCW              3496        ; 56 0x0da8  0.8535
                                                            2
   70 00000072 2F 0E           DCW              3631        ; 57 0x0e2f  0.8864
                                                            7
   71 00000074 A7 0E           DCW              3751        ; 58 0x0ea7  0.9157
                                                            7
   72 00000076 0E 0F           DCW              3854        ; 59 0x0f0e  0.9409
                                                            2
   73 00000078 64 0F           DCW              3940        ; 60 0x0f64  0.9619
                                                            1
   74 0000007A A8 0F           DCW              4008        ; 61 0x0fa8  0.9785
                                                            2
   75 0000007C D9 0F           DCW              4057        ; 62 0x0fd9  0.9904
                                                            8
   76 0000007E F6 0F           DCW              4086        ; 63 0x0ff6  0.9975
                                                            6
   77 00000080         
   78 00000080                 END
Command Line: --debug --xref --diag_suppress=9931 --cpu=Cortex-M3 --apcs=interw
ork --depend=.\obj\signal2.d -o.\obj\signal2.o -I.\RTE\_Simu -IC:\Users\Mariann
e\AppData\Local\Arm\Packs\ARM\CMSIS\5.6.0\CMSIS\Core\Include -IC:\Users\Mariann
e\AppData\Local\Arm\Packs\Keil\STM32F1xx_DFP\2.3.0\Device\Include --predefine="
__EVAL SETA 1" --predefine="__MICROLIB SETA 1" --predefine="__UVISION_VERSION S
ETA 529" --predefine="_RTE_ SETA 1" --predefine="STM32F10X_MD SETA 1" --list=si
gnal2.lst signal2.asm



ARM Macro Assembler    Page 1 Alphabetic symbol ordering
Relocatable symbols

Signal 00000000

Symbol: Signal
   Definitions
      At line 1 in file signal2.asm
   Uses
      None
Comment: Signal unused
TabSig2 00000000

Symbol: TabSig2
   Definitions
      At line 12 in file signal2.asm
   Uses
      At line 2 in file signal2.asm
Comment: TabSig2 used once
2 symbols
337 symbols in table
